{"/Users/leahcoats/Desktop/capstoneProject/backend/app.js": {"path":"/Users/leahcoats/Desktop/capstoneProject/backend/app.js","statementMap":{"0":{"start":{"line":9,"column":12},"end":{"line":9,"column":21}},"1":{"start":{"line":14,"column":0},"end":{"line":14,"column":51}},"2":{"start":{"line":16,"column":0},"end":{"line":16,"column":26}},"3":{"start":{"line":17,"column":0},"end":{"line":17,"column":15}},"4":{"start":{"line":20,"column":0},"end":{"line":24,"column":2}},"5":{"start":{"line":27,"column":0},"end":{"line":27,"column":28}},"6":{"start":{"line":32,"column":0},"end":{"line":32,"column":30}}},"fnMap":{},"branchMap":{},"s":{"0":1,"1":1,"2":1,"3":1,"4":1,"5":1,"6":1},"f":{},"b":{},"_coverageSchema":"1a1c01bbd47fc00a2c39e90264f33305004495a9","hash":"337e13bbed2883d31b43d68bf32632298f97bf62"}
,"/Users/leahcoats/Desktop/capstoneProject/backend/db_methods/favourites.js": {"path":"/Users/leahcoats/Desktop/capstoneProject/backend/db_methods/favourites.js","statementMap":{"0":{"start":{"line":3,"column":16},"end":{"line":3,"column":43}},"1":{"start":{"line":14,"column":24},"end":{"line":42,"column":2}},"2":{"start":{"line":14,"column":47},"end":{"line":42,"column":2}},"3":{"start":{"line":15,"column":17},"end":{"line":15,"column":41}},"4":{"start":{"line":16,"column":4},"end":{"line":41,"column":7}},"5":{"start":{"line":17,"column":6},"end":{"line":21,"column":7}},"6":{"start":{"line":18,"column":8},"end":{"line":18,"column":60}},"7":{"start":{"line":19,"column":8},"end":{"line":19,"column":21}},"8":{"start":{"line":20,"column":8},"end":{"line":20,"column":19}},"9":{"start":{"line":22,"column":30},"end":{"line":29,"column":7}},"10":{"start":{"line":30,"column":6},"end":{"line":30,"column":34}},"11":{"start":{"line":31,"column":6},"end":{"line":40,"column":9}},"12":{"start":{"line":32,"column":8},"end":{"line":36,"column":9}},"13":{"start":{"line":34,"column":10},"end":{"line":34,"column":23}},"14":{"start":{"line":35,"column":10},"end":{"line":35,"column":21}},"15":{"start":{"line":37,"column":8},"end":{"line":37,"column":28}},"16":{"start":{"line":38,"column":8},"end":{"line":38,"column":17}},"17":{"start":{"line":39,"column":8},"end":{"line":39,"column":21}},"18":{"start":{"line":44,"column":24},"end":{"line":65,"column":2}},"19":{"start":{"line":44,"column":47},"end":{"line":65,"column":2}},"20":{"start":{"line":45,"column":15},"end":{"line":45,"column":39}},"21":{"start":{"line":46,"column":2},"end":{"line":64,"column":5}},"22":{"start":{"line":47,"column":4},"end":{"line":51,"column":5}},"23":{"start":{"line":48,"column":6},"end":{"line":48,"column":58}},"24":{"start":{"line":49,"column":6},"end":{"line":49,"column":19}},"25":{"start":{"line":50,"column":6},"end":{"line":50,"column":17}},"26":{"start":{"line":52,"column":33},"end":{"line":53,"column":82}},"27":{"start":{"line":54,"column":4},"end":{"line":63,"column":7}},"28":{"start":{"line":55,"column":6},"end":{"line":59,"column":7}},"29":{"start":{"line":56,"column":8},"end":{"line":56,"column":50}},"30":{"start":{"line":57,"column":8},"end":{"line":57,"column":21}},"31":{"start":{"line":58,"column":8},"end":{"line":58,"column":19}},"32":{"start":{"line":60,"column":6},"end":{"line":60,"column":26}},"33":{"start":{"line":61,"column":6},"end":{"line":61,"column":15}},"34":{"start":{"line":62,"column":6},"end":{"line":62,"column":19}}},"fnMap":{"0":{"name":"(anonymous_0)","decl":{"start":{"line":14,"column":24},"end":{"line":14,"column":25}},"loc":{"start":{"line":14,"column":47},"end":{"line":42,"column":2}},"line":14},"1":{"name":"(anonymous_1)","decl":{"start":{"line":14,"column":59},"end":{"line":14,"column":60}},"loc":{"start":{"line":14,"column":80},"end":{"line":42,"column":1}},"line":14},"2":{"name":"(anonymous_2)","decl":{"start":{"line":16,"column":19},"end":{"line":16,"column":20}},"loc":{"start":{"line":16,"column":33},"end":{"line":41,"column":5}},"line":16},"3":{"name":"(anonymous_3)","decl":{"start":{"line":31,"column":36},"end":{"line":31,"column":37}},"loc":{"start":{"line":31,"column":58},"end":{"line":40,"column":7}},"line":31},"4":{"name":"(anonymous_4)","decl":{"start":{"line":44,"column":24},"end":{"line":44,"column":25}},"loc":{"start":{"line":44,"column":47},"end":{"line":65,"column":2}},"line":44},"5":{"name":"(anonymous_5)","decl":{"start":{"line":44,"column":59},"end":{"line":44,"column":60}},"loc":{"start":{"line":44,"column":80},"end":{"line":65,"column":1}},"line":44},"6":{"name":"(anonymous_6)","decl":{"start":{"line":46,"column":17},"end":{"line":46,"column":18}},"loc":{"start":{"line":46,"column":31},"end":{"line":64,"column":3}},"line":46},"7":{"name":"(anonymous_7)","decl":{"start":{"line":54,"column":39},"end":{"line":54,"column":40}},"loc":{"start":{"line":54,"column":61},"end":{"line":63,"column":5}},"line":54}},"branchMap":{"0":{"loc":{"start":{"line":17,"column":6},"end":{"line":21,"column":7}},"type":"if","locations":[{"start":{"line":17,"column":6},"end":{"line":21,"column":7}},{"start":{},"end":{}}],"line":17},"1":{"loc":{"start":{"line":32,"column":8},"end":{"line":36,"column":9}},"type":"if","locations":[{"start":{"line":32,"column":8},"end":{"line":36,"column":9}},{"start":{},"end":{}}],"line":32},"2":{"loc":{"start":{"line":47,"column":4},"end":{"line":51,"column":5}},"type":"if","locations":[{"start":{"line":47,"column":4},"end":{"line":51,"column":5}},{"start":{},"end":{}}],"line":47},"3":{"loc":{"start":{"line":55,"column":6},"end":{"line":59,"column":7}},"type":"if","locations":[{"start":{"line":55,"column":6},"end":{"line":59,"column":7}},{"start":{},"end":{}}],"line":55}},"s":{"0":1,"1":1,"2":0,"3":0,"4":0,"5":0,"6":0,"7":0,"8":0,"9":0,"10":0,"11":0,"12":0,"13":0,"14":0,"15":0,"16":0,"17":0,"18":1,"19":0,"20":0,"21":0,"22":0,"23":0,"24":0,"25":0,"26":0,"27":0,"28":0,"29":0,"30":0,"31":0,"32":0,"33":0,"34":0},"f":{"0":0,"1":0,"2":0,"3":0,"4":0,"5":0,"6":0,"7":0},"b":{"0":[0,0],"1":[0,0],"2":[0,0],"3":[0,0]},"_coverageSchema":"1a1c01bbd47fc00a2c39e90264f33305004495a9","hash":"1776ed331cd8a8893565a2d0b71da0589ae0cbbb"}
,"/Users/leahcoats/Desktop/capstoneProject/backend/db_methods/stocks.js": {"path":"/Users/leahcoats/Desktop/capstoneProject/backend/db_methods/stocks.js","statementMap":{"0":{"start":{"line":4,"column":16},"end":{"line":4,"column":43}},"1":{"start":{"line":15,"column":23},"end":{"line":45,"column":2}},"2":{"start":{"line":15,"column":36},"end":{"line":45,"column":2}},"3":{"start":{"line":16,"column":17},"end":{"line":16,"column":41}},"4":{"start":{"line":17,"column":4},"end":{"line":44,"column":7}},"5":{"start":{"line":18,"column":6},"end":{"line":22,"column":7}},"6":{"start":{"line":19,"column":8},"end":{"line":19,"column":60}},"7":{"start":{"line":20,"column":8},"end":{"line":20,"column":21}},"8":{"start":{"line":21,"column":8},"end":{"line":21,"column":19}},"9":{"start":{"line":23,"column":33},"end":{"line":31,"column":48}},"10":{"start":{"line":33,"column":6},"end":{"line":43,"column":9}},"11":{"start":{"line":34,"column":8},"end":{"line":39,"column":9}},"12":{"start":{"line":35,"column":10},"end":{"line":35,"column":52}},"13":{"start":{"line":36,"column":10},"end":{"line":36,"column":23}},"14":{"start":{"line":37,"column":10},"end":{"line":37,"column":21}},"15":{"start":{"line":38,"column":10},"end":{"line":38,"column":16}},"16":{"start":{"line":41,"column":8},"end":{"line":41,"column":28}},"17":{"start":{"line":42,"column":8},"end":{"line":42,"column":21}},"18":{"start":{"line":47,"column":21},"end":{"line":69,"column":2}},"19":{"start":{"line":47,"column":34},"end":{"line":69,"column":2}},"20":{"start":{"line":48,"column":17},"end":{"line":48,"column":41}},"21":{"start":{"line":49,"column":4},"end":{"line":68,"column":7}},"22":{"start":{"line":50,"column":6},"end":{"line":54,"column":7}},"23":{"start":{"line":51,"column":8},"end":{"line":51,"column":60}},"24":{"start":{"line":52,"column":8},"end":{"line":52,"column":21}},"25":{"start":{"line":53,"column":8},"end":{"line":53,"column":19}},"26":{"start":{"line":55,"column":27},"end":{"line":55,"column":49}},"27":{"start":{"line":57,"column":6},"end":{"line":67,"column":9}},"28":{"start":{"line":58,"column":8},"end":{"line":63,"column":9}},"29":{"start":{"line":59,"column":10},"end":{"line":59,"column":52}},"30":{"start":{"line":60,"column":10},"end":{"line":60,"column":23}},"31":{"start":{"line":61,"column":10},"end":{"line":61,"column":21}},"32":{"start":{"line":62,"column":10},"end":{"line":62,"column":16}},"33":{"start":{"line":65,"column":8},"end":{"line":65,"column":28}},"34":{"start":{"line":66,"column":8},"end":{"line":66,"column":21}}},"fnMap":{"0":{"name":"(anonymous_0)","decl":{"start":{"line":15,"column":23},"end":{"line":15,"column":24}},"loc":{"start":{"line":15,"column":36},"end":{"line":45,"column":2}},"line":15},"1":{"name":"(anonymous_1)","decl":{"start":{"line":15,"column":48},"end":{"line":15,"column":49}},"loc":{"start":{"line":15,"column":69},"end":{"line":45,"column":1}},"line":15},"2":{"name":"(anonymous_2)","decl":{"start":{"line":17,"column":19},"end":{"line":17,"column":20}},"loc":{"start":{"line":17,"column":33},"end":{"line":44,"column":5}},"line":17},"3":{"name":"(anonymous_3)","decl":{"start":{"line":33,"column":39},"end":{"line":33,"column":40}},"loc":{"start":{"line":33,"column":61},"end":{"line":43,"column":7}},"line":33},"4":{"name":"(anonymous_4)","decl":{"start":{"line":47,"column":21},"end":{"line":47,"column":22}},"loc":{"start":{"line":47,"column":34},"end":{"line":69,"column":2}},"line":47},"5":{"name":"(anonymous_5)","decl":{"start":{"line":47,"column":46},"end":{"line":47,"column":47}},"loc":{"start":{"line":47,"column":67},"end":{"line":69,"column":1}},"line":47},"6":{"name":"(anonymous_6)","decl":{"start":{"line":49,"column":19},"end":{"line":49,"column":20}},"loc":{"start":{"line":49,"column":33},"end":{"line":68,"column":5}},"line":49},"7":{"name":"(anonymous_7)","decl":{"start":{"line":57,"column":33},"end":{"line":57,"column":34}},"loc":{"start":{"line":57,"column":55},"end":{"line":67,"column":7}},"line":57}},"branchMap":{"0":{"loc":{"start":{"line":18,"column":6},"end":{"line":22,"column":7}},"type":"if","locations":[{"start":{"line":18,"column":6},"end":{"line":22,"column":7}},{"start":{},"end":{}}],"line":18},"1":{"loc":{"start":{"line":34,"column":8},"end":{"line":39,"column":9}},"type":"if","locations":[{"start":{"line":34,"column":8},"end":{"line":39,"column":9}},{"start":{},"end":{}}],"line":34},"2":{"loc":{"start":{"line":50,"column":6},"end":{"line":54,"column":7}},"type":"if","locations":[{"start":{"line":50,"column":6},"end":{"line":54,"column":7}},{"start":{},"end":{}}],"line":50},"3":{"loc":{"start":{"line":58,"column":8},"end":{"line":63,"column":9}},"type":"if","locations":[{"start":{"line":58,"column":8},"end":{"line":63,"column":9}},{"start":{},"end":{}}],"line":58}},"s":{"0":1,"1":1,"2":0,"3":0,"4":0,"5":0,"6":0,"7":0,"8":0,"9":0,"10":0,"11":0,"12":0,"13":0,"14":0,"15":0,"16":0,"17":0,"18":1,"19":1,"20":1,"21":1,"22":1,"23":0,"24":0,"25":0,"26":1,"27":1,"28":1,"29":0,"30":0,"31":0,"32":0,"33":1,"34":1},"f":{"0":0,"1":0,"2":0,"3":0,"4":1,"5":1,"6":1,"7":1},"b":{"0":[0,0],"1":[0,0],"2":[0,1],"3":[0,1]},"_coverageSchema":"1a1c01bbd47fc00a2c39e90264f33305004495a9","hash":"be85cb3896b99c876400ec8732e7a065dbf4d06a"}
,"/Users/leahcoats/Desktop/capstoneProject/backend/db_methods/users.js": {"path":"/Users/leahcoats/Desktop/capstoneProject/backend/db_methods/users.js","statementMap":{"0":{"start":{"line":3,"column":16},"end":{"line":3,"column":43}},"1":{"start":{"line":16,"column":15},"end":{"line":39,"column":2}},"2":{"start":{"line":16,"column":39},"end":{"line":39,"column":2}},"3":{"start":{"line":17,"column":17},"end":{"line":17,"column":41}},"4":{"start":{"line":18,"column":4},"end":{"line":38,"column":7}},"5":{"start":{"line":19,"column":6},"end":{"line":24,"column":7}},"6":{"start":{"line":20,"column":8},"end":{"line":20,"column":50}},"7":{"start":{"line":21,"column":8},"end":{"line":21,"column":21}},"8":{"start":{"line":22,"column":8},"end":{"line":22,"column":19}},"9":{"start":{"line":23,"column":8},"end":{"line":23,"column":14}},"10":{"start":{"line":25,"column":30},"end":{"line":25,"column":108}},"11":{"start":{"line":27,"column":6},"end":{"line":37,"column":9}},"12":{"start":{"line":28,"column":8},"end":{"line":33,"column":9}},"13":{"start":{"line":29,"column":12},"end":{"line":29,"column":54}},"14":{"start":{"line":30,"column":12},"end":{"line":30,"column":25}},"15":{"start":{"line":31,"column":12},"end":{"line":31,"column":23}},"16":{"start":{"line":32,"column":12},"end":{"line":32,"column":18}},"17":{"start":{"line":35,"column":8},"end":{"line":35,"column":28}},"18":{"start":{"line":36,"column":8},"end":{"line":36,"column":21}},"19":{"start":{"line":41,"column":40},"end":{"line":65,"column":2}},"20":{"start":{"line":41,"column":64},"end":{"line":65,"column":2}},"21":{"start":{"line":42,"column":17},"end":{"line":42,"column":41}},"22":{"start":{"line":43,"column":4},"end":{"line":64,"column":7}},"23":{"start":{"line":44,"column":6},"end":{"line":49,"column":7}},"24":{"start":{"line":45,"column":8},"end":{"line":45,"column":50}},"25":{"start":{"line":46,"column":8},"end":{"line":46,"column":21}},"26":{"start":{"line":47,"column":8},"end":{"line":47,"column":19}},"27":{"start":{"line":48,"column":8},"end":{"line":48,"column":14}},"28":{"start":{"line":50,"column":30},"end":{"line":51,"column":78}},"29":{"start":{"line":53,"column":6},"end":{"line":63,"column":9}},"30":{"start":{"line":54,"column":8},"end":{"line":59,"column":9}},"31":{"start":{"line":55,"column":12},"end":{"line":55,"column":54}},"32":{"start":{"line":56,"column":12},"end":{"line":56,"column":25}},"33":{"start":{"line":57,"column":12},"end":{"line":57,"column":23}},"34":{"start":{"line":58,"column":12},"end":{"line":58,"column":18}},"35":{"start":{"line":61,"column":8},"end":{"line":61,"column":28}},"36":{"start":{"line":62,"column":8},"end":{"line":62,"column":21}}},"fnMap":{"0":{"name":"(anonymous_0)","decl":{"start":{"line":16,"column":15},"end":{"line":16,"column":16}},"loc":{"start":{"line":16,"column":39},"end":{"line":39,"column":2}},"line":16},"1":{"name":"(anonymous_1)","decl":{"start":{"line":16,"column":51},"end":{"line":16,"column":52}},"loc":{"start":{"line":16,"column":72},"end":{"line":39,"column":1}},"line":16},"2":{"name":"(anonymous_2)","decl":{"start":{"line":18,"column":19},"end":{"line":18,"column":20}},"loc":{"start":{"line":18,"column":33},"end":{"line":38,"column":5}},"line":18},"3":{"name":"(anonymous_3)","decl":{"start":{"line":27,"column":36},"end":{"line":27,"column":37}},"loc":{"start":{"line":27,"column":58},"end":{"line":37,"column":7}},"line":27},"4":{"name":"(anonymous_4)","decl":{"start":{"line":41,"column":40},"end":{"line":41,"column":41}},"loc":{"start":{"line":41,"column":64},"end":{"line":65,"column":2}},"line":41},"5":{"name":"(anonymous_5)","decl":{"start":{"line":41,"column":76},"end":{"line":41,"column":77}},"loc":{"start":{"line":41,"column":97},"end":{"line":65,"column":1}},"line":41},"6":{"name":"(anonymous_6)","decl":{"start":{"line":43,"column":19},"end":{"line":43,"column":20}},"loc":{"start":{"line":43,"column":33},"end":{"line":64,"column":5}},"line":43},"7":{"name":"(anonymous_7)","decl":{"start":{"line":53,"column":36},"end":{"line":53,"column":37}},"loc":{"start":{"line":53,"column":58},"end":{"line":63,"column":7}},"line":53}},"branchMap":{"0":{"loc":{"start":{"line":19,"column":6},"end":{"line":24,"column":7}},"type":"if","locations":[{"start":{"line":19,"column":6},"end":{"line":24,"column":7}},{"start":{},"end":{}}],"line":19},"1":{"loc":{"start":{"line":28,"column":8},"end":{"line":33,"column":9}},"type":"if","locations":[{"start":{"line":28,"column":8},"end":{"line":33,"column":9}},{"start":{},"end":{}}],"line":28},"2":{"loc":{"start":{"line":44,"column":6},"end":{"line":49,"column":7}},"type":"if","locations":[{"start":{"line":44,"column":6},"end":{"line":49,"column":7}},{"start":{},"end":{}}],"line":44},"3":{"loc":{"start":{"line":54,"column":8},"end":{"line":59,"column":9}},"type":"if","locations":[{"start":{"line":54,"column":8},"end":{"line":59,"column":9}},{"start":{},"end":{}}],"line":54}},"s":{"0":1,"1":1,"2":0,"3":0,"4":0,"5":0,"6":0,"7":0,"8":0,"9":0,"10":0,"11":0,"12":0,"13":0,"14":0,"15":0,"16":0,"17":0,"18":0,"19":1,"20":1,"21":1,"22":1,"23":1,"24":0,"25":0,"26":0,"27":0,"28":1,"29":1,"30":1,"31":0,"32":0,"33":0,"34":0,"35":1,"36":1},"f":{"0":0,"1":0,"2":0,"3":0,"4":1,"5":1,"6":1,"7":1},"b":{"0":[0,0],"1":[0,0],"2":[0,1],"3":[0,1]},"_coverageSchema":"1a1c01bbd47fc00a2c39e90264f33305004495a9","hash":"3ff3e349ddeeca51ac4813d38481720ce8358a33"}
,"/Users/leahcoats/Desktop/capstoneProject/backend/routes/stockRouteForCapstone.js": {"path":"/Users/leahcoats/Desktop/capstoneProject/backend/routes/stockRouteForCapstone.js","statementMap":{"0":{"start":{"line":12,"column":15},"end":{"line":12,"column":31}},"1":{"start":{"line":14,"column":13},"end":{"line":14,"column":22}},"2":{"start":{"line":15,"column":0},"end":{"line":15,"column":16}},"3":{"start":{"line":39,"column":0},"end":{"line":50,"column":2}},"4":{"start":{"line":40,"column":2},"end":{"line":40,"column":37}},"5":{"start":{"line":41,"column":2},"end":{"line":45,"column":3}},"6":{"start":{"line":42,"column":4},"end":{"line":42,"column":20}},"7":{"start":{"line":43,"column":4},"end":{"line":43,"column":50}},"8":{"start":{"line":44,"column":4},"end":{"line":44,"column":10}},"9":{"start":{"line":47,"column":2},"end":{"line":47,"column":77}},"10":{"start":{"line":48,"column":2},"end":{"line":48,"column":17}},"11":{"start":{"line":49,"column":2},"end":{"line":49,"column":14}},"12":{"start":{"line":52,"column":0},"end":{"line":63,"column":2}},"13":{"start":{"line":53,"column":2},"end":{"line":53,"column":23}},"14":{"start":{"line":54,"column":2},"end":{"line":58,"column":3}},"15":{"start":{"line":55,"column":4},"end":{"line":55,"column":20}},"16":{"start":{"line":56,"column":4},"end":{"line":56,"column":50}},"17":{"start":{"line":57,"column":4},"end":{"line":57,"column":10}},"18":{"start":{"line":60,"column":2},"end":{"line":60,"column":77}},"19":{"start":{"line":61,"column":2},"end":{"line":61,"column":17}},"20":{"start":{"line":62,"column":2},"end":{"line":62,"column":14}},"21":{"start":{"line":65,"column":0},"end":{"line":75,"column":2}},"22":{"start":{"line":66,"column":18},"end":{"line":66,"column":36}},"23":{"start":{"line":68,"column":17},"end":{"line":68,"column":60}},"24":{"start":{"line":69,"column":2},"end":{"line":69,"column":21}},"25":{"start":{"line":70,"column":2},"end":{"line":74,"column":6}},"26":{"start":{"line":70,"column":36},"end":{"line":74,"column":3}},"27":{"start":{"line":77,"column":0},"end":{"line":85,"column":2}},"28":{"start":{"line":78,"column":17},"end":{"line":78,"column":51}},"29":{"start":{"line":79,"column":2},"end":{"line":79,"column":21}},"30":{"start":{"line":80,"column":2},"end":{"line":84,"column":6}},"31":{"start":{"line":80,"column":36},"end":{"line":84,"column":3}}},"fnMap":{"0":{"name":"(anonymous_0)","decl":{"start":{"line":39,"column":28},"end":{"line":39,"column":29}},"loc":{"start":{"line":39,"column":48},"end":{"line":50,"column":1}},"line":39},"1":{"name":"(anonymous_1)","decl":{"start":{"line":52,"column":26},"end":{"line":52,"column":27}},"loc":{"start":{"line":52,"column":46},"end":{"line":63,"column":1}},"line":52},"2":{"name":"(anonymous_2)","decl":{"start":{"line":65,"column":35},"end":{"line":65,"column":36}},"loc":{"start":{"line":65,"column":55},"end":{"line":75,"column":1}},"line":65},"3":{"name":"(anonymous_3)","decl":{"start":{"line":70,"column":27},"end":{"line":70,"column":28}},"loc":{"start":{"line":70,"column":35},"end":{"line":74,"column":4}},"line":70},"4":{"name":"(anonymous_4)","decl":{"start":{"line":77,"column":16},"end":{"line":77,"column":17}},"loc":{"start":{"line":77,"column":36},"end":{"line":85,"column":1}},"line":77},"5":{"name":"(anonymous_5)","decl":{"start":{"line":80,"column":27},"end":{"line":80,"column":28}},"loc":{"start":{"line":80,"column":35},"end":{"line":84,"column":4}},"line":80}},"branchMap":{"0":{"loc":{"start":{"line":41,"column":2},"end":{"line":45,"column":3}},"type":"if","locations":[{"start":{"line":41,"column":2},"end":{"line":45,"column":3}},{"start":{},"end":{}}],"line":41},"1":{"loc":{"start":{"line":41,"column":6},"end":{"line":41,"column":45}},"type":"binary-expr","locations":[{"start":{"line":41,"column":6},"end":{"line":41,"column":24}},{"start":{"line":41,"column":28},"end":{"line":41,"column":45}}],"line":41},"2":{"loc":{"start":{"line":54,"column":2},"end":{"line":58,"column":3}},"type":"if","locations":[{"start":{"line":54,"column":2},"end":{"line":58,"column":3}},{"start":{},"end":{}}],"line":54},"3":{"loc":{"start":{"line":54,"column":6},"end":{"line":54,"column":45}},"type":"binary-expr","locations":[{"start":{"line":54,"column":6},"end":{"line":54,"column":24}},{"start":{"line":54,"column":28},"end":{"line":54,"column":45}}],"line":54}},"s":{"0":1,"1":1,"2":1,"3":1,"4":0,"5":0,"6":0,"7":0,"8":0,"9":0,"10":0,"11":0,"12":1,"13":0,"14":0,"15":0,"16":0,"17":0,"18":0,"19":0,"20":0,"21":1,"22":0,"23":0,"24":0,"25":0,"26":0,"27":1,"28":1,"29":1,"30":1,"31":2257},"f":{"0":0,"1":0,"2":0,"3":0,"4":1,"5":2257},"b":{"0":[0,0],"1":[0,0],"2":[0,0],"3":[0,0]},"_coverageSchema":"1a1c01bbd47fc00a2c39e90264f33305004495a9","hash":"7a996aeb9aca959a44ca21726361aa9fe67989fa"}
,"/Users/leahcoats/Desktop/capstoneProject/backend/routes/userRoute.js": {"path":"/Users/leahcoats/Desktop/capstoneProject/backend/routes/userRoute.js","statementMap":{"0":{"start":{"line":7,"column":13},"end":{"line":7,"column":29}},"1":{"start":{"line":11,"column":0},"end":{"line":45,"column":3}},"2":{"start":{"line":12,"column":4},"end":{"line":23,"column":5}},"3":{"start":{"line":13,"column":23},"end":{"line":13,"column":86}},"4":{"start":{"line":17,"column":8},"end":{"line":17,"column":23}},"5":{"start":{"line":18,"column":8},"end":{"line":18,"column":49}},"6":{"start":{"line":20,"column":8},"end":{"line":20,"column":26}},"7":{"start":{"line":21,"column":8},"end":{"line":21,"column":23}},"8":{"start":{"line":22,"column":8},"end":{"line":22,"column":35}},"9":{"start":{"line":49,"column":4},"end":{"line":105,"column":11}},"10":{"start":{"line":50,"column":8},"end":{"line":66,"column":9}},"11":{"start":{"line":51,"column":27},"end":{"line":51,"column":115}},"12":{"start":{"line":53,"column":12},"end":{"line":59,"column":13}},"13":{"start":{"line":54,"column":16},"end":{"line":54,"column":31}},"14":{"start":{"line":55,"column":16},"end":{"line":55,"column":82}},"15":{"start":{"line":57,"column":16},"end":{"line":57,"column":31}},"16":{"start":{"line":58,"column":16},"end":{"line":58,"column":54}},"17":{"start":{"line":63,"column":12},"end":{"line":63,"column":30}},"18":{"start":{"line":64,"column":12},"end":{"line":64,"column":27}},"19":{"start":{"line":65,"column":12},"end":{"line":65,"column":39}}},"fnMap":{"0":{"name":"(anonymous_0)","decl":{"start":{"line":11,"column":24},"end":{"line":11,"column":25}},"loc":{"start":{"line":11,"column":44},"end":{"line":45,"column":1}},"line":11},"1":{"name":"(anonymous_1)","decl":{"start":{"line":49,"column":27},"end":{"line":49,"column":28}},"loc":{"start":{"line":49,"column":47},"end":{"line":105,"column":9}},"line":49}},"branchMap":{"0":{"loc":{"start":{"line":53,"column":12},"end":{"line":59,"column":13}},"type":"if","locations":[{"start":{"line":53,"column":12},"end":{"line":59,"column":13}},{"start":{"line":56,"column":19},"end":{"line":59,"column":13}}],"line":53}},"s":{"0":1,"1":1,"2":0,"3":0,"4":0,"5":0,"6":0,"7":0,"8":0,"9":1,"10":1,"11":1,"12":1,"13":0,"14":0,"15":1,"16":1,"17":0,"18":0,"19":0},"f":{"0":0,"1":1},"b":{"0":[0,1]},"_coverageSchema":"1a1c01bbd47fc00a2c39e90264f33305004495a9","hash":"5fc8226764b2e0302f2364d435949c45b5b6053e"}
}
